\BOOKMARK [0][-]{chapter.1}{\376\377\0001\000\040\000M\000a\000i\000n\000\040\000P\000a\000g\000e}{}% 1
\BOOKMARK [1][-]{section.1.1}{\376\377\0001\000.\0001\000\040\000I\000n\000t\000r\000o\000d\000u\000c\000t\000i\000o\000n}{chapter.1}% 2
\BOOKMARK [1][-]{section.1.2}{\376\377\0001\000.\0002\000\040\000F\000u\000n\000c\000t\000i\000o\000n\000s\000\040\000a\000n\000d\000\040\000D\000a\000t\000a\000t\000y\000p\000e\000s}{chapter.1}% 3
\BOOKMARK [1][-]{section.1.3}{\376\377\0001\000.\0003\000\040\000U\000s\000a\000g\000e\000\040\000a\000n\000d\000\040\000E\000x\000a\000m\000p\000l\000e\000s}{chapter.1}% 4
\BOOKMARK [2][-]{subsection.1.3.1}{\376\377\0001\000.\0003\000.\0001\000\040\000I\000n\000i\000t\000i\000a\000l\000i\000z\000i\000n\000g\000\040\000a\000\040\000r\000i\000n\000g\000b\000u\000f\000f\000e\000r}{section.1.3}% 5
\BOOKMARK [2][-]{subsection.1.3.2}{\376\377\0001\000.\0003\000.\0002\000\040\000W\000r\000i\000t\000i\000n\000g\000\040\000d\000a\000t\000a\000\040\000t\000o\000\040\000t\000h\000e\000\040\000b\000u\000f\000f\000e\000r}{section.1.3}% 6
\BOOKMARK [2][-]{subsection.1.3.3}{\376\377\0001\000.\0003\000.\0003\000\040\000R\000e\000a\000d\000i\000n\000g\000\040\000d\000a\000t\000a\000\040\000f\000r\000o\000m\000\040\000t\000h\000e\000\040\000b\000u\000f\000f\000e\000r}{section.1.3}% 7
\BOOKMARK [1][-]{section.1.4}{\376\377\0001\000.\0004\000\040\000E\000x\000a\000m\000p\000l\000e\000\040\000c\000o\000d\000e}{chapter.1}% 8
\BOOKMARK [0][-]{chapter.2}{\376\377\0002\000\040\000D\000a\000t\000a\000\040\000S\000t\000r\000u\000c\000t\000u\000r\000e\000\040\000I\000n\000d\000e\000x}{}% 9
\BOOKMARK [1][-]{section.2.1}{\376\377\0002\000.\0001\000\040\000D\000a\000t\000a\000\040\000S\000t\000r\000u\000c\000t\000u\000r\000e\000s}{chapter.2}% 10
\BOOKMARK [0][-]{chapter.3}{\376\377\0003\000\040\000F\000i\000l\000e\000\040\000I\000n\000d\000e\000x}{}% 11
\BOOKMARK [1][-]{section.3.1}{\376\377\0003\000.\0001\000\040\000F\000i\000l\000e\000\040\000L\000i\000s\000t}{chapter.3}% 12
\BOOKMARK [0][-]{chapter.4}{\376\377\0004\000\040\000D\000a\000t\000a\000\040\000S\000t\000r\000u\000c\000t\000u\000r\000e\000\040\000D\000o\000c\000u\000m\000e\000n\000t\000a\000t\000i\000o\000n}{}% 13
\BOOKMARK [1][-]{section.4.1}{\376\377\0004\000.\0001\000\040\000b\000u\000f\000f\000e\000r\000\137\000t\000\040\000S\000t\000r\000u\000c\000t\000\040\000R\000e\000f\000e\000r\000e\000n\000c\000e}{chapter.4}% 14
\BOOKMARK [2][-]{subsection.4.1.1}{\376\377\0004\000.\0001\000.\0001\000\040\000D\000e\000t\000a\000i\000l\000e\000d\000\040\000D\000e\000s\000c\000r\000i\000p\000t\000i\000o\000n}{section.4.1}% 15
\BOOKMARK [0][-]{chapter.5}{\376\377\0005\000\040\000F\000i\000l\000e\000\040\000D\000o\000c\000u\000m\000e\000n\000t\000a\000t\000i\000o\000n}{}% 16
\BOOKMARK [1][-]{section.5.1}{\376\377\0005\000.\0001\000\040\000k\000B\000u\000f\000f\000e\000r\000/\000k\000B\000u\000f\000f\000e\000r\000.\000c\000\040\000F\000i\000l\000e\000\040\000R\000e\000f\000e\000r\000e\000n\000c\000e}{chapter.5}% 17
\BOOKMARK [2][-]{subsection.5.1.1}{\376\377\0005\000.\0001\000.\0001\000\040\000D\000e\000t\000a\000i\000l\000e\000d\000\040\000D\000e\000s\000c\000r\000i\000p\000t\000i\000o\000n}{section.5.1}% 18
\BOOKMARK [2][-]{subsection.5.1.2}{\376\377\0005\000.\0001\000.\0002\000\040\000F\000u\000n\000c\000t\000i\000o\000n\000\040\000D\000o\000c\000u\000m\000e\000n\000t\000a\000t\000i\000o\000n}{section.5.1}% 19
\BOOKMARK [3][-]{subsubsection.5.1.2.1}{\376\377\0005\000.\0001\000.\0002\000.\0001\000\040\000b\000u\000f\000f\000e\000r\000I\000n\000i\000t}{subsection.5.1.2}% 20
\BOOKMARK [3][-]{subsubsection.5.1.2.2}{\376\377\0005\000.\0001\000.\0002\000.\0002\000\040\000b\000u\000f\000f\000e\000r\000I\000s\000E\000m\000p\000t\000y}{subsection.5.1.2}% 21
\BOOKMARK [3][-]{subsubsection.5.1.2.3}{\376\377\0005\000.\0001\000.\0002\000.\0003\000\040\000b\000u\000f\000f\000e\000r\000I\000s\000F\000u\000l\000l}{subsection.5.1.2}% 22
\BOOKMARK [3][-]{subsubsection.5.1.2.4}{\376\377\0005\000.\0001\000.\0002\000.\0004\000\040\000b\000u\000f\000f\000e\000r\000R\000e\000a\000d}{subsection.5.1.2}% 23
\BOOKMARK [3][-]{subsubsection.5.1.2.5}{\376\377\0005\000.\0001\000.\0002\000.\0005\000\040\000b\000u\000f\000f\000e\000r\000R\000e\000a\000d\000F\000r\000o\000m\000I\000n\000d\000e\000x}{subsection.5.1.2}% 24
\BOOKMARK [3][-]{subsubsection.5.1.2.6}{\376\377\0005\000.\0001\000.\0002\000.\0006\000\040\000b\000u\000f\000f\000e\000r\000W\000r\000i\000t\000e}{subsection.5.1.2}% 25
\BOOKMARK [3][-]{subsubsection.5.1.2.7}{\376\377\0005\000.\0001\000.\0002\000.\0007\000\040\000b\000u\000f\000f\000e\000r\000W\000r\000i\000t\000e\000T\000o\000I\000n\000d\000e\000x}{subsection.5.1.2}% 26
\BOOKMARK [1][-]{section.5.2}{\376\377\0005\000.\0002\000\040\000k\000B\000u\000f\000f\000e\000r\000/\000k\000B\000u\000f\000f\000e\000r\000.\000h\000\040\000F\000i\000l\000e\000\040\000R\000e\000f\000e\000r\000e\000n\000c\000e}{chapter.5}% 27
\BOOKMARK [2][-]{subsection.5.2.1}{\376\377\0005\000.\0002\000.\0001\000\040\000D\000e\000t\000a\000i\000l\000e\000d\000\040\000D\000e\000s\000c\000r\000i\000p\000t\000i\000o\000n}{section.5.2}% 28
\BOOKMARK [2][-]{subsection.5.2.2}{\376\377\0005\000.\0002\000.\0002\000\040\000E\000n\000u\000m\000e\000r\000a\000t\000i\000o\000n\000\040\000T\000y\000p\000e\000\040\000D\000o\000c\000u\000m\000e\000n\000t\000a\000t\000i\000o\000n}{section.5.2}% 29
\BOOKMARK [3][-]{subsubsection.5.2.2.1}{\376\377\0005\000.\0002\000.\0002\000.\0001\000\040\000b\000u\000f\000f\000e\000r\000S\000t\000a\000t\000u\000s\000\137\000t}{subsection.5.2.2}% 30
\BOOKMARK [2][-]{subsection.5.2.3}{\376\377\0005\000.\0002\000.\0003\000\040\000F\000u\000n\000c\000t\000i\000o\000n\000\040\000D\000o\000c\000u\000m\000e\000n\000t\000a\000t\000i\000o\000n}{section.5.2}% 31
\BOOKMARK [3][-]{subsubsection.5.2.3.1}{\376\377\0005\000.\0002\000.\0003\000.\0001\000\040\000b\000u\000f\000f\000e\000r\000I\000n\000i\000t}{subsection.5.2.3}% 32
\BOOKMARK [3][-]{subsubsection.5.2.3.2}{\376\377\0005\000.\0002\000.\0003\000.\0002\000\040\000b\000u\000f\000f\000e\000r\000I\000s\000E\000m\000p\000t\000y}{subsection.5.2.3}% 33
\BOOKMARK [3][-]{subsubsection.5.2.3.3}{\376\377\0005\000.\0002\000.\0003\000.\0003\000\040\000b\000u\000f\000f\000e\000r\000I\000s\000F\000u\000l\000l}{subsection.5.2.3}% 34
\BOOKMARK [3][-]{subsubsection.5.2.3.4}{\376\377\0005\000.\0002\000.\0003\000.\0004\000\040\000b\000u\000f\000f\000e\000r\000R\000e\000a\000d}{subsection.5.2.3}% 35
\BOOKMARK [3][-]{subsubsection.5.2.3.5}{\376\377\0005\000.\0002\000.\0003\000.\0005\000\040\000b\000u\000f\000f\000e\000r\000R\000e\000a\000d\000F\000r\000o\000m\000I\000n\000d\000e\000x}{subsection.5.2.3}% 36
\BOOKMARK [3][-]{subsubsection.5.2.3.6}{\376\377\0005\000.\0002\000.\0003\000.\0006\000\040\000b\000u\000f\000f\000e\000r\000W\000r\000i\000t\000e}{subsection.5.2.3}% 37
\BOOKMARK [3][-]{subsubsection.5.2.3.7}{\376\377\0005\000.\0002\000.\0003\000.\0007\000\040\000b\000u\000f\000f\000e\000r\000W\000r\000i\000t\000e\000T\000o\000I\000n\000d\000e\000x}{subsection.5.2.3}% 38
\BOOKMARK [0][-]{section*.8}{\376\377\000I\000n\000d\000e\000x}{}% 39
